{
    "type": [
        1,
        0,
        1,
        0,
        1,
        0,
        1,
        0,
        1,
        0,
        0,
        1,
        0,
        0,
        1,
        2,
        0,
        0,
        1,
        0,
        1,
        0,
        0,
        1,
        0,
        0,
        1,
        2,
        0,
        1,
        2,
        0,
        1,
        2,
        0,
        1,
        2,
        0,
        0,
        1,
        0,
        1,
        0,
        1,
        0,
        0,
        1,
        0,
        1,
        0,
        0,
        1,
        0,
        0,
        1,
        0,
        1,
        0,
        0,
        1,
        0,
        1,
        0,
        1,
        0,
        1,
        0,
        0,
        1,
        0,
        1,
        0,
        1,
        0,
        0,
        1,
        0,
        0,
        1,
        0,
        1,
        0,
        1,
        0,
        1,
        0,
        1,
        0,
        1,
        0,
        1,
        0,
        1,
        0,
        0,
        1,
        2,
        2,
        0,
        1,
        2,
        2,
        0,
        1,
        3,
        0,
        1,
        0,
        1,
        0,
        1,
        0,
        0,
        1,
        0,
        1,
        0,
        1,
        0,
        1,
        0,
        1,
        0,
        1,
        0,
        1,
        0,
        1,
        0,
        1,
        0,
        1,
        0,
        1,
        0,
        1,
        0,
        1,
        0,
        1,
        0,
        1,
        0,
        1,
        0,
        1,
        0,
        1,
        0,
        1,
        0,
        1,
        0,
        0,
        1,
        0,
        0,
        1,
        2,
        0,
        0,
        1,
        0,
        1,
        0,
        0,
        1,
        0,
        0,
        1,
        2,
        0,
        1,
        2,
        0,
        1,
        2,
        0,
        1,
        2,
        0,
        0,
        1,
        0,
        1,
        0,
        1,
        0,
        0,
        1,
        0,
        1,
        0,
        0,
        1,
        0,
        1,
        0,
        0,
        1,
        0,
        1,
        0,
        1,
        0,
        1,
        3,
        0,
        0,
        1,
        0,
        1,
        0,
        0,
        1,
        0,
        1,
        0,
        0,
        1,
        0,
        1,
        0,
        1,
        0,
        1,
        0,
        0,
        1,
        0,
        1,
        0,
        1,
        0,
        0,
        1,
        3,
        2,
        3,
        0,
        1,
        0,
        0,
        1,
        0,
        1,
        0,
        1,
        0,
        1,
        0,
        1,
        0,
        1,
        0,
        1,
        0,
        1,
        0,
        0,
        1,
        0,
        0,
        1,
        0,
        1,
        0,
        1,
        0,
        1,
        0,
        1,
        0,
        1,
        0,
        1,
        0,
        1,
        0,
        0,
        1,
        0,
        1,
        0,
        1,
        0,
        0,
        1,
        3,
        0,
        1,
        0,
        0,
        1,
        0,
        1,
        0,
        1,
        0,
        1,
        0,
        1,
        0,
        1,
        0,
        1,
        0,
        1,
        0,
        0,
        1,
        0,
        1,
        0,
        1,
        0,
        1,
        0,
        1,
        0,
        0,
        1,
        0,
        1,
        0,
        1,
        0,
        1,
        0,
        1,
        0,
        1,
        0,
        1,
        0,
        1,
        0,
        0,
        1,
        0,
        1,
        0,
        1,
        0,
        0,
        1,
        0,
        1,
        0,
        1,
        0,
        1,
        0,
        1,
        0,
        1,
        0,
        1,
        0,
        1,
        0,
        0,
        1,
        0,
        1,
        0,
        1,
        0,
        0,
        1,
        0,
        1,
        0,
        1,
        0,
        1,
        0,
        1,
        0,
        1,
        0,
        1,
        0,
        1,
        0,
        2,
        2,
        0,
        1,
        2,
        2,
        0,
        1,
        3,
        0,
        1,
        0,
        1,
        3,
        0,
        1,
        0,
        0,
        1,
        0,
        1,
        0,
        1,
        0,
        1,
        0,
        1,
        0,
        1,
        0,
        1,
        3,
        3,
        3,
        3,
        3,
        3,
        3,
        3,
        3,
        3,
        3,
        3,
        3,
        3,
        0,
        1,
        3,
        0,
        0,
        1,
        0,
        1,
        0,
        1,
        0,
        0,
        1,
        0,
        1,
        0,
        1,
        0,
        1,
        0,
        1,
        0,
        1,
        0,
        1,
        3,
        3,
        3,
        3,
        3,
        3,
        3,
        3,
        3,
        3,
        3,
        3,
        3,
        3,
        0,
        1,
        3,
        0,
        0,
        1,
        0,
        1,
        0,
        1,
        0,
        0,
        1,
        0,
        1,
        0,
        1,
        0,
        1,
        0,
        1,
        0,
        1,
        0,
        1,
        3,
        3,
        3,
        3,
        3,
        3,
        3,
        3,
        3,
        3,
        3,
        3,
        3,
        3,
        0,
        1,
        3,
        0,
        0,
        1,
        0,
        1,
        0,
        1,
        0,
        0,
        1,
        0,
        1,
        0,
        1,
        0,
        1,
        0,
        1,
        0,
        1,
        0,
        1,
        3,
        3,
        3,
        3,
        3,
        3,
        3,
        3,
        3,
        3,
        3,
        3,
        3,
        3,
        0,
        1,
        3,
        0,
        0,
        1,
        3,
        0,
        1,
        0,
        1,
        0,
        1,
        3,
        0,
        1,
        0,
        0,
        1,
        0,
        1,
        0,
        1,
        0,
        1,
        0,
        1,
        0,
        1,
        0,
        1,
        0,
        1,
        0,
        1,
        0,
        1,
        0,
        1,
        0,
        1,
        0,
        1,
        0,
        1,
        0,
        1,
        0,
        1,
        0,
        1,
        0,
        1,
        0,
        1,
        0,
        1,
        0,
        0,
        1,
        0,
        0,
        1,
        2,
        0,
        0,
        1,
        0,
        1,
        0,
        0,
        1,
        0,
        0,
        1,
        2,
        0,
        1,
        2,
        0,
        1,
        2,
        0,
        1,
        2,
        0,
        0,
        1,
        0,
        1,
        0,
        0,
        1,
        0,
        1,
        0,
        1,
        0,
        1,
        0,
        0,
        1,
        0,
        1,
        0,
        0,
        1,
        0,
        1,
        0,
        0,
        1,
        0,
        1,
        0,
        1,
        0,
        1,
        0,
        0,
        1,
        0,
        1,
        0,
        1,
        0,
        0,
        1,
        3,
        0,
        1,
        0,
        1,
        0,
        1,
        0,
        0,
        1,
        0,
        1,
        0,
        1,
        0,
        1,
        0,
        1,
        0,
        1,
        0,
        1,
        0,
        1,
        0,
        0,
        1,
        0,
        1,
        0,
        0,
        1,
        0,
        1,
        0,
        1,
        0,
        1,
        0,
        0,
        1,
        0,
        1,
        0,
        1,
        0,
        1,
        0,
        0,
        1,
        0,
        1,
        0,
        1,
        0,
        1,
        0,
        1,
        0,
        1,
        0,
        1,
        0,
        1,
        0,
        1,
        0,
        1,
        0,
        1,
        0,
        1,
        0,
        1,
        0,
        1,
        0,
        1,
        0,
        1,
        0,
        1,
        0,
        1,
        0,
        1,
        0,
        1,
        0,
        0,
        1,
        0,
        0,
        1,
        2,
        0,
        0,
        1,
        0,
        1,
        0,
        0,
        1,
        0,
        0,
        1,
        2,
        0,
        1,
        2,
        0,
        1,
        2,
        0,
        1,
        2,
        0,
        0,
        1,
        0,
        1,
        0,
        0,
        1,
        0,
        1,
        0,
        1,
        0,
        1,
        0,
        0,
        1,
        0,
        1,
        0,
        0,
        1,
        0,
        1,
        0,
        1,
        0,
        1,
        0,
        0,
        1,
        2,
        2,
        0,
        1,
        0,
        2,
        2,
        0,
        1,
        2,
        2,
        2,
        0,
        1,
        2,
        2,
        0,
        1,
        2,
        2,
        2,
        0,
        1,
        2,
        0,
        1,
        2,
        0,
        1,
        2,
        2,
        0,
        1,
        2,
        0,
        1,
        2,
        2,
        0,
        1,
        0,
        1,
        0,
        1,
        0,
        0,
        1,
        0,
        1,
        0,
        1,
        0,
        1,
        0,
        1,
        0,
        1,
        0,
        1,
        0,
        1,
        0,
        1,
        0,
        1,
        0,
        1,
        0,
        1,
        0,
        1,
        0,
        1,
        0,
        1,
        0,
        1,
        0,
        1,
        0,
        1,
        0,
        1,
        0,
        1,
        0,
        0,
        1,
        0,
        0,
        1,
        2,
        0,
        0,
        1,
        0,
        1,
        0,
        0,
        1,
        0,
        0,
        1,
        2,
        0,
        1,
        2,
        0,
        1,
        2,
        0,
        1,
        2,
        0,
        0,
        1,
        0,
        1,
        0,
        0,
        1,
        0,
        1,
        0,
        1,
        0,
        1,
        0,
        0,
        1,
        0,
        1,
        0,
        1,
        0,
        1,
        0,
        0,
        1,
        0,
        1,
        0,
        1,
        0,
        1,
        0,
        0,
        1,
        0,
        0,
        1,
        2,
        0,
        1,
        2,
        0,
        1,
        2,
        0,
        1,
        2,
        0,
        0,
        1,
        0,
        1,
        0,
        0,
        1,
        0,
        1,
        0,
        1,
        0,
        1,
        0,
        0,
        1,
        2
    ],
    "data": [
        "from palmerpenguins import penguins",
        ">>> ",
        "from pandas import get_dummies",
        ">>> ",
        "import numpy as np",
        ">>> ",
        "from sklearn.linear_model import LinearRegression",
        ">>> ",
        "from sklearn import preprocessing",
        ">>> ",
        ">>> ",
        "df = penguins.load_penguins().dropna()",
        ">>> ",
        ">>> ",
        "df.head(3)",
        "  species     island  bill_length_mm  ...  body_mass_g     sex  year\r\n0  Adelie  Torgersen            39.1  ...       3750.0    male  2007\r\n1  Adelie  Torgersen            39.5  ...       3800.0  female  2007\r\n2  Adelie  Torgersen            40.3  ...       3250.0  female  2007\r\n\r\n[3 rows x 8 columns]\r\n",
        ">>> ",
        ">>> ",
        "X = get_dummies(df[['bill_length_mm', 'species', 'sex']], drop_first = True)",
        ">>> ",
        "y = df['body_mass_g']",
        ">>> ",
        ">>> ",
        "model = LinearRegression().fit(X, y)",
        ">>> ",
        ">>> ",
        "print(f\"R^2 {model.score(X,y)}\")",
        "R^2 0.8555368759537614\r\n",
        ">>> ",
        "print(f\"Intercept {model.intercept_}\")",
        "Intercept 2169.269720939398\r\n",
        ">>> ",
        "print(f\"Columns {X.columns}\")",
        "Columns Index(['bill_length_mm', 'species_Chinstrap', 'species_Gentoo', 'sex_male'], dtype='object')\r\n",
        ">>> ",
        "print(f\"Coefficients {model.coef_}\")",
        "Coefficients [  32.53688677 -298.76553447 1094.86739145  547.36692408]\r\n",
        ">>> ",
        ">>> ",
        "import vetiver",
        ">>> ",
        "import pins",
        ">>> ",
        "v = VetiverModel(model, model_name='penguin_model', prototype_data=X)",
        ">>> ",
        ">>> ",
        "b = pins.board_folder('data/model', allow_pickle_read=True)",
        ">>> ",
        "p = vetiver_pin_write(b,v, versioned=True)",
        ">>> ",
        ">>> ",
        "app = VetiverAPI(v, check_prototype=True)",
        ">>> ",
        ">>> ",
        "import duckdb",
        ">>> ",
        "from palmerpenguins import penguins",
        ">>> ",
        ">>> ",
        "con = duckdb.connect('my-db.duckdb')",
        ">>> ",
        "df = penguins.load_penguins()",
        ">>> ",
        "con.execute('CREATE TABLE penguins AS SELECT * FROM df')",
        ">>> ",
        "con.close()",
        ">>> ",
        ">>> ",
        "con = duckdb.connect('my-db.duckdb')",
        ">>> ",
        "df = con.execute(\"SELECT * FROM penguins\").fetchdf().dropna()",
        ">>> ",
        "con.close()",
        ">>> ",
        ">>> ",
        "import requests",
        ">>> ",
        ">>> ",
        "req_data = {",
        "... ",
        "  \"bill_length_mm\": 0,",
        "... ",
        "  \"species_Chinstrap\": False,",
        "... ",
        "  \"species_Gentoo\": False,",
        "... ",
        "  \"sex_male\": False",
        "... ",
        "}",
        ">>> ",
        "req = requests.post('http://127.0.0.1:8080/predict', json = [req_data])",
        ">>> ",
        "res = req.json().get('predict')[0]",
        ">>> ",
        ">>> ",
        "app.run(port=8080)",
        "\nRestarting R session...\n\n",
        "- Project 'C:/Users/Isaac.Daniels/OneDrive - afacademy.af.edu/Final Project' loaded. [renv 1.0.5]\n- The project is out-of-sync -- use `renv::status()` for details.\n",
        "> ",
        "renv::activate()",
        "\nRestarting R session...\n\n",
        "- Project 'C:/Users/Isaac.Daniels/OneDrive - afacademy.af.edu/Final Project' loaded. [renv 1.0.5]\n- The project is out-of-sync -- use `renv::status()` for details.\n",
        "> ",
        "app.run(port=8080)",
        "Error in app.run(port = 8080) : could not find function \"app.run\"\n",
        "> ",
        "library(palmerpenguins)",
        "> ",
        "library(dplyr)",
        "> ",
        "library(ggplot2)",
        "> ",
        "> ",
        "df <- palmerpenguins::penguins",
        "> ",
        "df %>%",
        "+ ",
        "  group_by(species, sex) %>%",
        "+ ",
        "  summarise(",
        "+ ",
        "    across(",
        "+ ",
        "      where(is.numeric), ",
        "+ ",
        "      \\(x) mean(x, na.rm = TRUE)",
        "+ ",
        "      )",
        "+ ",
        "    ) %>%",
        "+ ",
        "  knitr::kable()",
        "> ",
        "df %>%",
        "+ ",
        "  ggplot(aes(x = bill_length_mm, y = body_mass_g, color = species)) +",
        "+ ",
        "  geom_point() + ",
        "+ ",
        "  geom_smooth(method = \"lm\")",
        "> ",
        "reticulate::repl_python()",
        ">>> ",
        "from palmerpenguins import penguins",
        ">>> ",
        "from pandas import get_dummies",
        ">>> ",
        "import numpy as np",
        ">>> ",
        "from sklearn.linear_model import LinearRegression",
        ">>> ",
        "from sklearn import preprocessing",
        ">>> ",
        ">>> ",
        "df = penguins.load_penguins().dropna()",
        ">>> ",
        ">>> ",
        "df.head(3)",
        "  species     island  bill_length_mm  ...  body_mass_g     sex  year\r\n0  Adelie  Torgersen            39.1  ...       3750.0    male  2007\r\n1  Adelie  Torgersen            39.5  ...       3800.0  female  2007\r\n2  Adelie  Torgersen            40.3  ...       3250.0  female  2007\r\n\r\n[3 rows x 8 columns]\r\n",
        ">>> ",
        ">>> ",
        "X = get_dummies(df[['bill_length_mm', 'species', 'sex']], drop_first = True)",
        ">>> ",
        "y = df['body_mass_g']",
        ">>> ",
        ">>> ",
        "model = LinearRegression().fit(X, y)",
        ">>> ",
        ">>> ",
        "print(f\"R^2 {model.score(X,y)}\")",
        "R^2 0.8555368759537614\r\n",
        ">>> ",
        "print(f\"Intercept {model.intercept_}\")",
        "Intercept 2169.269720939398\r\n",
        ">>> ",
        "print(f\"Columns {X.columns}\")",
        "Columns Index(['bill_length_mm', 'species_Chinstrap', 'species_Gentoo', 'sex_male'], dtype='object')\r\n",
        ">>> ",
        "print(f\"Coefficients {model.coef_}\")",
        "Coefficients [  32.53688677 -298.76553447 1094.86739145  547.36692408]\r\n",
        ">>> ",
        ">>> ",
        "import vetiver",
        ">>> ",
        "import pins",
        ">>> ",
        "v = VetiverModel(model, model_name='penguin_model', prototype_data=X)",
        ">>> ",
        ">>> ",
        "b = pins.board_folder('data/model', allow_pickle_read=True)",
        ">>> ",
        "p = vetiver_pin_write(b,v, versioned=True)",
        ">>> ",
        ">>> ",
        "from vetiver import VetiverModel",
        ">>> ",
        "v = VetiverModel(model, model_name='penguin_model', prototype_data=X)",
        ">>> ",
        ">>> ",
        "from pins import board_folder",
        ">>> ",
        "from vetiver import vetiver_pin_write",
        ">>> ",
        "b = pins.board_folder('data/model', allow_pickle_read=True)",
        ">>> ",
        "p = vetiver_pin_write(b,v, versioned=True)",
        "Model Cards provide a framework for transparent, responsible reporting. \r\n Use the vetiver `.qmd` Quarto template as a place to start, \r\n with vetiver.model_card()\r\nWriting pin:\r\nName: 'penguin_model'\r\nVersion: 20240307T193633Z-a6f9b\r\n",
        ">>> ",
        ">>> ",
        "from vetiver import VetiverAPI",
        ">>> ",
        "app = VetiverAPI(v, check_prototype=True)",
        ">>> ",
        ">>> ",
        "import duckdb",
        ">>> ",
        "from palmerpenguins import penguins",
        ">>> ",
        ">>> ",
        "con = duckdb.connect('my-db.duckdb')",
        ">>> ",
        "df = penguins.load_penguins()",
        ">>> ",
        "con.execute('CREATE TABLE penguins AS SELECT * FROM df')",
        ">>> ",
        "con.close()",
        ">>> ",
        ">>> ",
        "con = duckdb.connect('my-db.duckdb')",
        ">>> ",
        "df = con.execute(\"SELECT * FROM penguins\").fetchdf().dropna()",
        ">>> ",
        "con.close()",
        ">>> ",
        ">>> ",
        "app.run(port=8080)",
        "INFO:     Started server process [25512]\r\nINFO:     Waiting for application startup.\r\nINFO:     VetiverAPI starting...\r\nINFO:     Application startup complete.\r\nINFO:     Uvicorn running on http://127.0.0.1:8080 (Press CTRL+C to quit)\r\n",
        "INFO:     127.0.0.1:54271 - \"GET /__docs__ HTTP/1.1\" 200 OK\r\nINFO:     127.0.0.1:54271 - \"GET /openapi.json HTTP/1.1\" 200 OK\r\n",
        "INFO:     Shutting down\r\nINFO:     Waiting for application shutdown.\r\nINFO:     Application shutdown complete.\r\nINFO:     Finished server process [25512]\r\n",
        ">>> ",
        "import requests",
        ">>> ",
        ">>> ",
        "req_data = {",
        "... ",
        "  \"bill_length_mm\": 0,",
        "... ",
        "  \"species_Chinstrap\": False,",
        "... ",
        "  \"species_Gentoo\": False,",
        "... ",
        "  \"sex_male\": False",
        "... ",
        "}",
        ">>> ",
        "req = requests.post('http://127.0.0.1:8080/predict', json = [req_data])",
        ">>> ",
        "res = req.json().get('predict')[0]",
        ">>> ",
        ">>> ",
        "import requests",
        ">>> ",
        ">>> ",
        "req_data = {",
        "... ",
        "  \"bill_length_mm\": 0,",
        "... ",
        "  \"species_Chinstrap\": False,",
        "... ",
        "  \"species_Gentoo\": False,",
        "... ",
        "  \"sex_male\": False",
        "... ",
        "}",
        ">>> ",
        "req = requests.post('http://127.0.0.1:8080/predict', json = [req_data])",
        ">>> ",
        "res = req.json().get('predict')[0]",
        ">>> ",
        ">>> ",
        "con = duckdb.connect('my-db.duckdb')",
        ">>> ",
        "df = con.execute(\"SELECT * FROM penguins\").fetchdf().dropna()",
        ">>> ",
        "con.close()",
        ">>> ",
        ">>> ",
        "app.run(port=8080)",
        "INFO:     Started server process [25512]\r\nINFO:     Waiting for application startup.\r\nINFO:     VetiverAPI starting...\r\nINFO:     Application startup complete.\r\nINFO:     Uvicorn running on http://127.0.0.1:8080 (Press CTRL+C to quit)\r\nINFO:     Shutting down\r\nINFO:     Waiting for application shutdown.\r\nINFO:     Application shutdown complete.\r\nINFO:     Finished server process [25512]\r\n",
        ">>> ",
        "import requests",
        ">>> ",
        ">>> ",
        "req_data = {",
        "... ",
        "  \"bill_length_mm\": 0,",
        "... ",
        "  \"species_Chinstrap\": False,",
        "... ",
        "  \"species_Gentoo\": False,",
        "... ",
        "  \"sex_male\": False",
        "... ",
        "}",
        ">>> ",
        "req = requests.post('http://127.0.0.1:8080/predict', json = [req_data])",
        ">>> ",
        "res = req.json().get('predict')[0]",
        ">>> ",
        ">>> ",
        "predict",
        ">>> >>> ",
        "renv::activate()",
        ">>> ",
        "from requests import post",
        ">>> ",
        "from requests import json",
        ">>> ",
        "import requests",
        ">>> ",
        ">>> ",
        "req_data = {",
        "... ",
        "  \"bill_length_mm\": 0,",
        "... ",
        "  \"species_Chinstrap\": False,",
        "... ",
        "  \"species_Gentoo\": False,",
        "... ",
        "  \"sex_male\": False",
        "... ",
        "}",
        ">>> ",
        "req = requests.post('http://127.0.0.1:8080/predict', json = [req_data])",
        ">>> ",
        "res = req.json().get('predict')[0]",
        ">>> ",
        ">>> ",
        "from requests import post",
        ">>> ",
        "from req import json",
        ">>> ",
        "import requests",
        ">>> ",
        ">>> ",
        "req_data = {",
        "... ",
        "  \"bill_length_mm\": 0,",
        "... ",
        "  \"species_Chinstrap\": False,",
        "... ",
        "  \"species_Gentoo\": False,",
        "... ",
        "  \"sex_male\": False",
        "... ",
        "}",
        ">>> ",
        "req = requests.post('http://127.0.0.1:8080/predict', json = [req_data])",
        ">>> ",
        "res = req.json().get('predict')[0]",
        ">>> ",
        ">>> ",
        "from requests import post",
        ">>> ",
        "from req import json",
        ">>> ",
        "import requests",
        ">>> ",
        ">>> ",
        "req_data = {",
        "... ",
        "  \"bill_length_mm\": 0,",
        "... ",
        "  \"species_Chinstrap\": False,",
        "... ",
        "  \"species_Gentoo\": False,",
        "... ",
        "  \"sex_male\": False",
        "... ",
        "}",
        ">>> ",
        "req = requests.post('http://127.0.0.1:8080/predict', json = [req_data])",
        ">>> ",
        "res = req.json().get('predict')[0]",
        ">>> ",
        "\nRestarting R session...\n\n",
        "- Project 'C:/Users/Isaac.Daniels/OneDrive - afacademy.af.edu/Final Project' loaded. [renv 1.0.5]\n- The project is out-of-sync -- use `renv::status()` for details.\n",
        "> ",
        "renv::activate()",
        "\nRestarting R session...\n\n",
        "- Project 'C:/Users/Isaac.Daniels/OneDrive - afacademy.af.edu/Final Project' loaded. [renv 1.0.5]\n- The project is out-of-sync -- use `renv::status()` for details.\n",
        "> ",
        "reticulate::repl_python()",
        "Python 3.9.5 (C:/Users/Isaac.Daniels/OneDrive - afacademy.af.edu/Final Project/.venv/Scripts/python.exe)\nReticulate 1.35.0 REPL -- A Python interpreter in R.\nEnter 'exit' or 'quit' to exit the REPL and return to R.\n",
        ">>> ",
        "from requests import post",
        ">>> ",
        "from req import json",
        "Traceback (most recent call last):\n  File \"<string>\", line 1, in <module>\nImportError: cannot import name 'json' from 'req' (C:\\Users\\ISAAC~1.DAN\\ONEDRI~1.EDU\\FINALP~1\\VENV~1\\lib\\site-packages\\req.py)\n",
        ">>> ",
        "import requests",
        ">>> ",
        ">>> ",
        "req_data = {",
        "... ",
        "  \"bill_length_mm\": 0,",
        "... ",
        "  \"species_Chinstrap\": False,",
        "... ",
        "  \"species_Gentoo\": False,",
        "... ",
        "  \"sex_male\": False",
        "... ",
        "}",
        ">>> ",
        "req = requests.post('http://127.0.0.1:8080/predict', json = [req_data])",
        "Traceback (most recent call last):\n  File \"\u001B[90m\u001B]8;line = 198;file://C:\\Users\\Isaac.Daniels\\OneDrive - afacademy.af.edu\\Final Project\\.venv\\Lib\\site-packages\\urllib3\\connection.py\u0007C:\\Users\\ISAAC~1.DAN\\ONEDRI~1.EDU\\FINALP~1\\VENV~1\\lib\\site-packages\\urllib3\\connection.py\u001B]8;;\u0007\u001B[39m\", line 198, in _new_conn\n    sock = connection.create_connection(\n  File \"\u001B[90m\u001B]8;line = 85;file://C:\\Users\\Isaac.Daniels\\OneDrive - afacademy.af.edu\\Final Project\\.venv\\Lib\\site-packages\\urllib3\\util\\connection.py\u0007C:\\Users\\ISAAC",
        "~1.DAN\\ONEDRI~1.EDU\\FINALP~1\\VENV~1\\lib\\site-packages\\urllib3\\util\\connection.py\u001B]8;;\u0007\u001B[39m\", line 85, in create_connection\n    raise err\n  File \"\u001B[90m\u001B]8;line = 73;file://C:\\Users\\Isaac.Daniels\\OneDrive - afacademy.af.edu\\Final Project\\.venv\\Lib\\site-packages\\urllib3\\util\\connection.py\u0007C:\\Users\\ISAAC~1.DAN\\ONEDRI~1.EDU\\FINALP~1\\VENV~1\\lib\\site-packages\\urllib3\\util\\connection.py\u001B]8;;\u0007\u001B[39m\", line 73, in create_connection\n    sock.connect(sa)\nConnectionRefusedError: [WinError 10061] No connection could be m",
        "ade because the target machine actively refused it\n\nThe above exception was the direct cause of the following exception:\n\nTraceback (most recent call last):\n  File \"\u001B[90m\u001B]8;line = 793;file://C:\\Users\\Isaac.Daniels\\OneDrive - afacademy.af.edu\\Final Project\\.venv\\Lib\\site-packages\\urllib3\\connectionpool.py\u0007C:\\Users\\ISAAC~1.DAN\\ONEDRI~1.EDU\\FINALP~1\\VENV~1\\lib\\site-packages\\urllib3\\connectionpool.py\u001B]8;;\u0007\u001B[39m\", line 793, in urlopen\n    response = self._make_request(\n  File \"\u001B[90m\u001B]8;line = 496;file://C:\\User",
        "s\\Isaac.Daniels\\OneDrive - afacademy.af.edu\\Final Project\\.venv\\Lib\\site-packages\\urllib3\\connectionpool.py\u0007C:\\Users\\ISAAC~1.DAN\\ONEDRI~1.EDU\\FINALP~1\\VENV~1\\lib\\site-packages\\urllib3\\connectionpool.py\u001B]8;;\u0007\u001B[39m\", line 496, in _make_request\n    conn.request(\n  File \"\u001B[90m\u001B]8;line = 400;file://C:\\Users\\Isaac.Daniels\\OneDrive - afacademy.af.edu\\Final Project\\.venv\\Lib\\site-packages\\urllib3\\connection.py\u0007C:\\Users\\ISAAC~1.DAN\\ONEDRI~1.EDU\\FINALP~1\\VENV~1\\lib\\site-packages\\urllib3\\connection.py\u001B]8;;\u0007\u001B[39m\", lin",
        "e 400, in request\n    self.endheaders()\n  File \"\u001B[90m\u001B]8;line = 1248;file://C:\\Program Files\\Python39\\Lib\\http\\client.py\u0007C:\\Program Files\\Python39\\lib\\http\\client.py\u001B]8;;\u0007\u001B[39m\", line 1248, in endheaders\n    self._send_output(message_body, encode_chunked=encode_chunked)\n  File \"\u001B[90m\u001B]8;line = 1008;file://C:\\Program Files\\Python39\\Lib\\http\\client.py\u0007C:\\Program Files\\Python39\\lib\\http\\client.py\u001B]8;;\u0007\u001B[39m\", line 1008, in _send_output\n    self.send(msg)\n  File \"\u001B[90m\u001B]8;line = 948;file://C:\\Program Files\\Pyth",
        "on39\\Lib\\http\\client.py\u0007C:\\Program Files\\Python39\\lib\\http\\client.py\u001B]8;;\u0007\u001B[39m\", line 948, in send\n    self.connect()\n  File \"\u001B[90m\u001B]8;line = 238;file://C:\\Users\\Isaac.Daniels\\OneDrive - afacademy.af.edu\\Final Project\\.venv\\Lib\\site-packages\\urllib3\\connection.py\u0007C:\\Users\\ISAAC~1.DAN\\ONEDRI~1.EDU\\FINALP~1\\VENV~1\\lib\\site-packages\\urllib3\\connection.py\u001B]8;;\u0007\u001B[39m\", line 238, in connect\n    self.sock = self._new_conn()\n  File \"\u001B[90m\u001B]8;line = 213;file://C:\\Users\\Isaac.Daniels\\OneDrive - afacademy.af.edu\\Fina",
        "l Project\\.venv\\Lib\\site-packages\\urllib3\\connection.py\u0007C:\\Users\\ISAAC~1.DAN\\ONEDRI~1.EDU\\FINALP~1\\VENV~1\\lib\\site-packages\\urllib3\\connection.py\u001B]8;;\u0007\u001B[39m\", line 213, in _new_conn\n    raise NewConnectionError(\nurllib3.exceptions.NewConnectionError: <urllib3.connection.HTTPConnection object at 0x0000026CEB52C670>: Failed to establish a new connection: [WinError 10061] No connection could be made because the target machine actively refused it\n\nThe above exception was the direct cause of the following except",
        "ion:\n\nTraceback (most recent call last):\n  File \"\u001B[90m\u001B]8;line = 486;file://C:\\Users\\Isaac.Daniels\\OneDrive - afacademy.af.edu\\Final Project\\.venv\\Lib\\site-packages\\requests\\adapters.py\u0007C:\\Users\\ISAAC~1.DAN\\ONEDRI~1.EDU\\FINALP~1\\VENV~1\\lib\\site-packages\\requests\\adapters.py\u001B]8;;\u0007\u001B[39m\", line 486, in send\n    resp = conn.urlopen(\n  File \"\u001B[90m\u001B]8;line = 847;file://C:\\Users\\Isaac.Daniels\\OneDrive - afacademy.af.edu\\Final Project\\.venv\\Lib\\site-packages\\urllib3\\connectionpool.py\u0007C:\\Users\\ISAAC~1.DAN\\ONEDRI~1.E",
        "DU\\FINALP~1\\VENV~1\\lib\\site-packages\\urllib3\\connectionpool.py\u001B]8;;\u0007\u001B[39m\", line 847, in urlopen\n    retries = retries.increment(\n  File \"\u001B[90m\u001B]8;line = 515;file://C:\\Users\\Isaac.Daniels\\OneDrive - afacademy.af.edu\\Final Project\\.venv\\Lib\\site-packages\\urllib3\\util\\retry.py\u0007C:\\Users\\ISAAC~1.DAN\\ONEDRI~1.EDU\\FINALP~1\\VENV~1\\lib\\site-packages\\urllib3\\util\\retry.py\u001B]8;;\u0007\u001B[39m\", line 515, in increment\n    raise MaxRetryError(_pool, url, reason) from reason  # type: ignore[arg-type]\nurllib3.exceptions.MaxRetryE",
        "rror: HTTPConnectionPool(host='127.0.0.1', port=8080): Max retries exceeded with url: /predict (Caused by NewConnectionError('<urllib3.connection.HTTPConnection object at 0x0000026CEB52C670>: Failed to establish a new connection: [WinError 10061] No connection could be made because the target machine actively refused it'))\n\nDuring handling of the above exception, another exception occurred:\n\nTraceback (most recent call last):\n  File \"<string>\", line 1, in <module>\n  File \"\u001B[90m\u001B]8;line = 115;file://C:\\Users",
        "\\Isaac.Daniels\\OneDrive - afacademy.af.edu\\Final Project\\.venv\\Lib\\site-packages\\requests\\api.py\u0007C:\\Users\\ISAAC~1.DAN\\ONEDRI~1.EDU\\FINALP~1\\VENV~1\\lib\\site-packages\\requests\\api.py\u001B]8;;\u0007\u001B[39m\", line 115, in post\n    return request(\"post\", url, data=data, json=json, **kwargs)\n  File \"\u001B[90m\u001B]8;line = 59;file://C:\\Users\\Isaac.Daniels\\OneDrive - afacademy.af.edu\\Final Project\\.venv\\Lib\\site-packages\\requests\\api.py\u0007C:\\Users\\ISAAC~1.DAN\\ONEDRI~1.EDU\\FINALP~1\\VENV~1\\lib\\site-packages\\requests\\api.py\u001B]8;;\u0007\u001B[39m\", ",
        "line 59, in request\n    return session.request(method=method, url=url, **kwargs)\n  File \"\u001B[90m\u001B]8;line = 589;file://C:\\Users\\Isaac.Daniels\\OneDrive - afacademy.af.edu\\Final Project\\.venv\\Lib\\site-packages\\requests\\sessions.py\u0007C:\\Users\\ISAAC~1.DAN\\ONEDRI~1.EDU\\FINALP~1\\VENV~1\\lib\\site-packages\\requests\\sessions.py\u001B]8;;\u0007\u001B[39m\", line 589, in request\n    resp = self.send(prep, **send_kwargs)\n  File \"\u001B[90m\u001B]8;line = 703;file://C:\\Users\\Isaac.Daniels\\OneDrive - afacademy.af.edu\\Final Project\\.venv\\Lib\\site-packag",
        "es\\requests\\sessions.py\u0007C:\\Users\\ISAAC~1.DAN\\ONEDRI~1.EDU\\FINALP~1\\VENV~1\\lib\\site-packages\\requests\\sessions.py\u001B]8;;\u0007\u001B[39m\", line 703, in send\n    r = adapter.send(request, **kwargs)\n  File \"\u001B[90m\u001B]8;line = 519;file://C:\\Users\\Isaac.Daniels\\OneDrive - afacademy.af.edu\\Final Project\\.venv\\Lib\\site-packages\\requests\\adapters.py\u0007C:\\Users\\ISAAC~1.DAN\\ONEDRI~1.EDU\\FINALP~1\\VENV~1\\lib\\site-packages\\requests\\adapters.py\u001B]8;;\u0007\u001B[39m\", line 519, in send\n    raise ConnectionError(e, request=request)\nrequests.exceptio",
        "ns.ConnectionError: HTTPConnectionPool(host='127.0.0.1', port=8080): Max retries exceeded with url: /predict (Caused by NewConnectionError('<urllib3.connection.HTTPConnection object at 0x0000026CEB52C670>: Failed to establish a new connection: [WinError 10061] No connection could be made because the target machine actively refused it'))\n",
        ">>> ",
        "res = req.json().get('predict')[0]",
        "Traceback (most recent call last):\n  File \"<string>\", line 1, in <module>\nNameError: name 'req' is not defined\n",
        ">>> ",
        ">>> ",
        "from requests import post",
        ">>> ",
        "import req",
        ">>> ",
        "import requests",
        ">>> ",
        ">>> ",
        "req_data = {",
        "... ",
        "  \"bill_length_mm\": 0,",
        "... ",
        "  \"species_Chinstrap\": False,",
        "... ",
        "  \"species_Gentoo\": False,",
        "... ",
        "  \"sex_male\": False",
        "... ",
        "}",
        ">>> ",
        "req = requests.post('http://127.0.0.1:8080/predict', json = [req_data])",
        "Traceback (most recent call last):\n  File \"\u001B[90m\u001B]8;line = 198;file://C:\\Users\\Isaac.Daniels\\OneDrive - afacademy.af.edu\\Final Project\\.venv\\Lib\\site-packages\\urllib3\\connection.py\u0007C:\\Users\\ISAAC~1.DAN\\ONEDRI~1.EDU\\FINALP~1\\VENV~1\\lib\\site-packages\\urllib3\\connection.py\u001B]8;;\u0007\u001B[39m\", line 198, in _new_conn\n    sock = connection.create_connection(\n  File \"\u001B[90m\u001B]8;line = 85;file://C:\\Users\\Isaac.Daniels\\OneDrive - afacademy.af.edu\\Final Project\\.venv\\Lib\\site-packages\\urllib3\\util\\connection.py\u0007C:\\Users\\ISAAC",
        "~1.DAN\\ONEDRI~1.EDU\\FINALP~1\\VENV~1\\lib\\site-packages\\urllib3\\util\\connection.py\u001B]8;;\u0007\u001B[39m\", line 85, in create_connection\n    raise err\n  File \"\u001B[90m\u001B]8;line = 73;file://C:\\Users\\Isaac.Daniels\\OneDrive - afacademy.af.edu\\Final Project\\.venv\\Lib\\site-packages\\urllib3\\util\\connection.py\u0007C:\\Users\\ISAAC~1.DAN\\ONEDRI~1.EDU\\FINALP~1\\VENV~1\\lib\\site-packages\\urllib3\\util\\connection.py\u001B]8;;\u0007\u001B[39m\", line 73, in create_connection\n    sock.connect(sa)\nConnectionRefusedError: [WinError 10061] No connection could be m",
        "ade because the target machine actively refused it\n\nThe above exception was the direct cause of the following exception:\n\nTraceback (most recent call last):\n  File \"\u001B[90m\u001B]8;line = 793;file://C:\\Users\\Isaac.Daniels\\OneDrive - afacademy.af.edu\\Final Project\\.venv\\Lib\\site-packages\\urllib3\\connectionpool.py\u0007C:\\Users\\ISAAC~1.DAN\\ONEDRI~1.EDU\\FINALP~1\\VENV~1\\lib\\site-packages\\urllib3\\connectionpool.py\u001B]8;;\u0007\u001B[39m\", line 793, in urlopen\n    response = self._make_request(\n  File \"\u001B[90m\u001B]8;line = 496;file://C:\\User",
        "s\\Isaac.Daniels\\OneDrive - afacademy.af.edu\\Final Project\\.venv\\Lib\\site-packages\\urllib3\\connectionpool.py\u0007C:\\Users\\ISAAC~1.DAN\\ONEDRI~1.EDU\\FINALP~1\\VENV~1\\lib\\site-packages\\urllib3\\connectionpool.py\u001B]8;;\u0007\u001B[39m\", line 496, in _make_request\n    conn.request(\n  File \"\u001B[90m\u001B]8;line = 400;file://C:\\Users\\Isaac.Daniels\\OneDrive - afacademy.af.edu\\Final Project\\.venv\\Lib\\site-packages\\urllib3\\connection.py\u0007C:\\Users\\ISAAC~1.DAN\\ONEDRI~1.EDU\\FINALP~1\\VENV~1\\lib\\site-packages\\urllib3\\connection.py\u001B]8;;\u0007\u001B[39m\", lin",
        "e 400, in request\n    self.endheaders()\n  File \"\u001B[90m\u001B]8;line = 1248;file://C:\\Program Files\\Python39\\Lib\\http\\client.py\u0007C:\\Program Files\\Python39\\lib\\http\\client.py\u001B]8;;\u0007\u001B[39m\", line 1248, in endheaders\n    self._send_output(message_body, encode_chunked=encode_chunked)\n  File \"\u001B[90m\u001B]8;line = 1008;file://C:\\Program Files\\Python39\\Lib\\http\\client.py\u0007C:\\Program Files\\Python39\\lib\\http\\client.py\u001B]8;;\u0007\u001B[39m\", line 1008, in _send_output\n    self.send(msg)\n  File \"\u001B[90m\u001B]8;line = 948;file://C:\\Program Files\\Pyth",
        "on39\\Lib\\http\\client.py\u0007C:\\Program Files\\Python39\\lib\\http\\client.py\u001B]8;;\u0007\u001B[39m\", line 948, in send\n    self.connect()\n  File \"\u001B[90m\u001B]8;line = 238;file://C:\\Users\\Isaac.Daniels\\OneDrive - afacademy.af.edu\\Final Project\\.venv\\Lib\\site-packages\\urllib3\\connection.py\u0007C:\\Users\\ISAAC~1.DAN\\ONEDRI~1.EDU\\FINALP~1\\VENV~1\\lib\\site-packages\\urllib3\\connection.py\u001B]8;;\u0007\u001B[39m\", line 238, in connect\n    self.sock = self._new_conn()\n  File \"\u001B[90m\u001B]8;line = 213;file://C:\\Users\\Isaac.Daniels\\OneDrive - afacademy.af.edu\\Fina",
        "l Project\\.venv\\Lib\\site-packages\\urllib3\\connection.py\u0007C:\\Users\\ISAAC~1.DAN\\ONEDRI~1.EDU\\FINALP~1\\VENV~1\\lib\\site-packages\\urllib3\\connection.py\u001B]8;;\u0007\u001B[39m\", line 213, in _new_conn\n    raise NewConnectionError(\nurllib3.exceptions.NewConnectionError: <urllib3.connection.HTTPConnection object at 0x0000026CEB537BE0>: Failed to establish a new connection: [WinError 10061] No connection could be made because the target machine actively refused it\n\nThe above exception was the direct cause of the following except",
        "ion:\n\nTraceback (most recent call last):\n  File \"\u001B[90m\u001B]8;line = 486;file://C:\\Users\\Isaac.Daniels\\OneDrive - afacademy.af.edu\\Final Project\\.venv\\Lib\\site-packages\\requests\\adapters.py\u0007C:\\Users\\ISAAC~1.DAN\\ONEDRI~1.EDU\\FINALP~1\\VENV~1\\lib\\site-packages\\requests\\adapters.py\u001B]8;;\u0007\u001B[39m\", line 486, in send\n    resp = conn.urlopen(\n  File \"\u001B[90m\u001B]8;line = 847;file://C:\\Users\\Isaac.Daniels\\OneDrive - afacademy.af.edu\\Final Project\\.venv\\Lib\\site-packages\\urllib3\\connectionpool.py\u0007C:\\Users\\ISAAC~1.DAN\\ONEDRI~1.E",
        "DU\\FINALP~1\\VENV~1\\lib\\site-packages\\urllib3\\connectionpool.py\u001B]8;;\u0007\u001B[39m\", line 847, in urlopen\n    retries = retries.increment(\n  File \"\u001B[90m\u001B]8;line = 515;file://C:\\Users\\Isaac.Daniels\\OneDrive - afacademy.af.edu\\Final Project\\.venv\\Lib\\site-packages\\urllib3\\util\\retry.py\u0007C:\\Users\\ISAAC~1.DAN\\ONEDRI~1.EDU\\FINALP~1\\VENV~1\\lib\\site-packages\\urllib3\\util\\retry.py\u001B]8;;\u0007\u001B[39m\", line 515, in increment\n    raise MaxRetryError(_pool, url, reason) from reason  # type: ignore[arg-type]\nurllib3.exceptions.MaxRetryE",
        "rror: HTTPConnectionPool(host='127.0.0.1', port=8080): Max retries exceeded with url: /predict (Caused by NewConnectionError('<urllib3.connection.HTTPConnection object at 0x0000026CEB537BE0>: Failed to establish a new connection: [WinError 10061] No connection could be made because the target machine actively refused it'))\n\nDuring handling of the above exception, another exception occurred:\n\nTraceback (most recent call last):\n  File \"<string>\", line 1, in <module>\n  File \"\u001B[90m\u001B]8;line = 115;file://C:\\Users",
        "\\Isaac.Daniels\\OneDrive - afacademy.af.edu\\Final Project\\.venv\\Lib\\site-packages\\requests\\api.py\u0007C:\\Users\\ISAAC~1.DAN\\ONEDRI~1.EDU\\FINALP~1\\VENV~1\\lib\\site-packages\\requests\\api.py\u001B]8;;\u0007\u001B[39m\", line 115, in post\n    return request(\"post\", url, data=data, json=json, **kwargs)\n  File \"\u001B[90m\u001B]8;line = 59;file://C:\\Users\\Isaac.Daniels\\OneDrive - afacademy.af.edu\\Final Project\\.venv\\Lib\\site-packages\\requests\\api.py\u0007C:\\Users\\ISAAC~1.DAN\\ONEDRI~1.EDU\\FINALP~1\\VENV~1\\lib\\site-packages\\requests\\api.py\u001B]8;;\u0007\u001B[39m\", ",
        "line 59, in request\n    return session.request(method=method, url=url, **kwargs)\n  File \"\u001B[90m\u001B]8;line = 589;file://C:\\Users\\Isaac.Daniels\\OneDrive - afacademy.af.edu\\Final Project\\.venv\\Lib\\site-packages\\requests\\sessions.py\u0007C:\\Users\\ISAAC~1.DAN\\ONEDRI~1.EDU\\FINALP~1\\VENV~1\\lib\\site-packages\\requests\\sessions.py\u001B]8;;\u0007\u001B[39m\", line 589, in request\n    resp = self.send(prep, **send_kwargs)\n  File \"\u001B[90m\u001B]8;line = 703;file://C:\\Users\\Isaac.Daniels\\OneDrive - afacademy.af.edu\\Final Project\\.venv\\Lib\\site-packag",
        "es\\requests\\sessions.py\u0007C:\\Users\\ISAAC~1.DAN\\ONEDRI~1.EDU\\FINALP~1\\VENV~1\\lib\\site-packages\\requests\\sessions.py\u001B]8;;\u0007\u001B[39m\", line 703, in send\n    r = adapter.send(request, **kwargs)\n  File \"\u001B[90m\u001B]8;line = 519;file://C:\\Users\\Isaac.Daniels\\OneDrive - afacademy.af.edu\\Final Project\\.venv\\Lib\\site-packages\\requests\\adapters.py\u0007C:\\Users\\ISAAC~1.DAN\\ONEDRI~1.EDU\\FINALP~1\\VENV~1\\lib\\site-packages\\requests\\adapters.py\u001B]8;;\u0007\u001B[39m\", line 519, in send\n    raise ConnectionError(e, request=request)\nrequests.exceptio",
        "ns.ConnectionError: HTTPConnectionPool(host='127.0.0.1', port=8080): Max retries exceeded with url: /predict (Caused by NewConnectionError('<urllib3.connection.HTTPConnection object at 0x0000026CEB537BE0>: Failed to establish a new connection: [WinError 10061] No connection could be made because the target machine actively refused it'))\n",
        ">>> ",
        "res = req.json().get('predict')[0]",
        "Traceback (most recent call last):\n  File \"<string>\", line 1, in <module>\nAttributeError: module 'req' has no attribute 'json'\n",
        ">>> ",
        ">>> ",
        "from requests import post",
        ">>> ",
        "import req",
        ">>> ",
        "import requests",
        ">>> ",
        ">>> ",
        "req_data = {",
        "... ",
        "  \"bill_length_mm\": 0,",
        "... ",
        "  \"species_Chinstrap\": False,",
        "... ",
        "  \"species_Gentoo\": False,",
        "... ",
        "  \"sex_male\": False",
        "... ",
        "}",
        ">>> ",
        "req = requests.post('http://127.0.0.1:8080/predict', json = [req_data])",
        "Traceback (most recent call last):\n  File \"\u001B[90m\u001B]8;line = 198;file://C:\\Users\\Isaac.Daniels\\OneDrive - afacademy.af.edu\\Final Project\\.venv\\Lib\\site-packages\\urllib3\\connection.py\u0007C:\\Users\\ISAAC~1.DAN\\ONEDRI~1.EDU\\FINALP~1\\VENV~1\\lib\\site-packages\\urllib3\\connection.py\u001B]8;;\u0007\u001B[39m\", line 198, in _new_conn\n    sock = connection.create_connection(\n  File \"\u001B[90m\u001B]8;line = 85;file://C:\\Users\\Isaac.Daniels\\OneDrive - afacademy.af.edu\\Final Project\\.venv\\Lib\\site-packages\\urllib3\\util\\connection.py\u0007C:\\Users\\ISAAC",
        "~1.DAN\\ONEDRI~1.EDU\\FINALP~1\\VENV~1\\lib\\site-packages\\urllib3\\util\\connection.py\u001B]8;;\u0007\u001B[39m\", line 85, in create_connection\n    raise err\n  File \"\u001B[90m\u001B]8;line = 73;file://C:\\Users\\Isaac.Daniels\\OneDrive - afacademy.af.edu\\Final Project\\.venv\\Lib\\site-packages\\urllib3\\util\\connection.py\u0007C:\\Users\\ISAAC~1.DAN\\ONEDRI~1.EDU\\FINALP~1\\VENV~1\\lib\\site-packages\\urllib3\\util\\connection.py\u001B]8;;\u0007\u001B[39m\", line 73, in create_connection\n    sock.connect(sa)\nConnectionRefusedError: [WinError 10061] No connection could be m",
        "ade because the target machine actively refused it\n\nThe above exception was the direct cause of the following exception:\n\nTraceback (most recent call last):\n  File \"\u001B[90m\u001B]8;line = 793;file://C:\\Users\\Isaac.Daniels\\OneDrive - afacademy.af.edu\\Final Project\\.venv\\Lib\\site-packages\\urllib3\\connectionpool.py\u0007C:\\Users\\ISAAC~1.DAN\\ONEDRI~1.EDU\\FINALP~1\\VENV~1\\lib\\site-packages\\urllib3\\connectionpool.py\u001B]8;;\u0007\u001B[39m\", line 793, in urlopen\n    response = self._make_request(\n  File \"\u001B[90m\u001B]8;line = 496;file://C:\\User",
        "s\\Isaac.Daniels\\OneDrive - afacademy.af.edu\\Final Project\\.venv\\Lib\\site-packages\\urllib3\\connectionpool.py\u0007C:\\Users\\ISAAC~1.DAN\\ONEDRI~1.EDU\\FINALP~1\\VENV~1\\lib\\site-packages\\urllib3\\connectionpool.py\u001B]8;;\u0007\u001B[39m\", line 496, in _make_request\n    conn.request(\n  File \"\u001B[90m\u001B]8;line = 400;file://C:\\Users\\Isaac.Daniels\\OneDrive - afacademy.af.edu\\Final Project\\.venv\\Lib\\site-packages\\urllib3\\connection.py\u0007C:\\Users\\ISAAC~1.DAN\\ONEDRI~1.EDU\\FINALP~1\\VENV~1\\lib\\site-packages\\urllib3\\connection.py\u001B]8;;\u0007\u001B[39m\", lin",
        "e 400, in request\n    self.endheaders()\n  File \"\u001B[90m\u001B]8;line = 1248;file://C:\\Program Files\\Python39\\Lib\\http\\client.py\u0007C:\\Program Files\\Python39\\lib\\http\\client.py\u001B]8;;\u0007\u001B[39m\", line 1248, in endheaders\n    self._send_output(message_body, encode_chunked=encode_chunked)\n  File \"\u001B[90m\u001B]8;line = 1008;file://C:\\Program Files\\Python39\\Lib\\http\\client.py\u0007C:\\Program Files\\Python39\\lib\\http\\client.py\u001B]8;;\u0007\u001B[39m\", line 1008, in _send_output\n    self.send(msg)\n  File \"\u001B[90m\u001B]8;line = 948;file://C:\\Program Files\\Pyth",
        "on39\\Lib\\http\\client.py\u0007C:\\Program Files\\Python39\\lib\\http\\client.py\u001B]8;;\u0007\u001B[39m\", line 948, in send\n    self.connect()\n  File \"\u001B[90m\u001B]8;line = 238;file://C:\\Users\\Isaac.Daniels\\OneDrive - afacademy.af.edu\\Final Project\\.venv\\Lib\\site-packages\\urllib3\\connection.py\u0007C:\\Users\\ISAAC~1.DAN\\ONEDRI~1.EDU\\FINALP~1\\VENV~1\\lib\\site-packages\\urllib3\\connection.py\u001B]8;;\u0007\u001B[39m\", line 238, in connect\n    self.sock = self._new_conn()\n  File \"\u001B[90m\u001B]8;line = 213;file://C:\\Users\\Isaac.Daniels\\OneDrive - afacademy.af.edu\\Fina",
        "l Project\\.venv\\Lib\\site-packages\\urllib3\\connection.py\u0007C:\\Users\\ISAAC~1.DAN\\ONEDRI~1.EDU\\FINALP~1\\VENV~1\\lib\\site-packages\\urllib3\\connection.py\u001B]8;;\u0007\u001B[39m\", line 213, in _new_conn\n    raise NewConnectionError(\nurllib3.exceptions.NewConnectionError: <urllib3.connection.HTTPConnection object at 0x0000026CEB546460>: Failed to establish a new connection: [WinError 10061] No connection could be made because the target machine actively refused it\n\nThe above exception was the direct cause of the following except",
        "ion:\n\nTraceback (most recent call last):\n  File \"\u001B[90m\u001B]8;line = 486;file://C:\\Users\\Isaac.Daniels\\OneDrive - afacademy.af.edu\\Final Project\\.venv\\Lib\\site-packages\\requests\\adapters.py\u0007C:\\Users\\ISAAC~1.DAN\\ONEDRI~1.EDU\\FINALP~1\\VENV~1\\lib\\site-packages\\requests\\adapters.py\u001B]8;;\u0007\u001B[39m\", line 486, in send\n    resp = conn.urlopen(\n  File \"\u001B[90m\u001B]8;line = 847;file://C:\\Users\\Isaac.Daniels\\OneDrive - afacademy.af.edu\\Final Project\\.venv\\Lib\\site-packages\\urllib3\\connectionpool.py\u0007C:\\Users\\ISAAC~1.DAN\\ONEDRI~1.E",
        "DU\\FINALP~1\\VENV~1\\lib\\site-packages\\urllib3\\connectionpool.py\u001B]8;;\u0007\u001B[39m\", line 847, in urlopen\n    retries = retries.increment(\n  File \"\u001B[90m\u001B]8;line = 515;file://C:\\Users\\Isaac.Daniels\\OneDrive - afacademy.af.edu\\Final Project\\.venv\\Lib\\site-packages\\urllib3\\util\\retry.py\u0007C:\\Users\\ISAAC~1.DAN\\ONEDRI~1.EDU\\FINALP~1\\VENV~1\\lib\\site-packages\\urllib3\\util\\retry.py\u001B]8;;\u0007\u001B[39m\", line 515, in increment\n    raise MaxRetryError(_pool, url, reason) from reason  # type: ignore[arg-type]\nurllib3.exceptions.MaxRetryE",
        "rror: HTTPConnectionPool(host='127.0.0.1', port=8080): Max retries exceeded with url: /predict (Caused by NewConnectionError('<urllib3.connection.HTTPConnection object at 0x0000026CEB546460>: Failed to establish a new connection: [WinError 10061] No connection could be made because the target machine actively refused it'))\n\nDuring handling of the above exception, another exception occurred:\n\nTraceback (most recent call last):\n  File \"<string>\", line 1, in <module>\n  File \"\u001B[90m\u001B]8;line = 115;file://C:\\Users",
        "\\Isaac.Daniels\\OneDrive - afacademy.af.edu\\Final Project\\.venv\\Lib\\site-packages\\requests\\api.py\u0007C:\\Users\\ISAAC~1.DAN\\ONEDRI~1.EDU\\FINALP~1\\VENV~1\\lib\\site-packages\\requests\\api.py\u001B]8;;\u0007\u001B[39m\", line 115, in post\n    return request(\"post\", url, data=data, json=json, **kwargs)\n  File \"\u001B[90m\u001B]8;line = 59;file://C:\\Users\\Isaac.Daniels\\OneDrive - afacademy.af.edu\\Final Project\\.venv\\Lib\\site-packages\\requests\\api.py\u0007C:\\Users\\ISAAC~1.DAN\\ONEDRI~1.EDU\\FINALP~1\\VENV~1\\lib\\site-packages\\requests\\api.py\u001B]8;;\u0007\u001B[39m\", ",
        "line 59, in request\n    return session.request(method=method, url=url, **kwargs)\n  File \"\u001B[90m\u001B]8;line = 589;file://C:\\Users\\Isaac.Daniels\\OneDrive - afacademy.af.edu\\Final Project\\.venv\\Lib\\site-packages\\requests\\sessions.py\u0007C:\\Users\\ISAAC~1.DAN\\ONEDRI~1.EDU\\FINALP~1\\VENV~1\\lib\\site-packages\\requests\\sessions.py\u001B]8;;\u0007\u001B[39m\", line 589, in request\n    resp = self.send(prep, **send_kwargs)\n  File \"\u001B[90m\u001B]8;line = 703;file://C:\\Users\\Isaac.Daniels\\OneDrive - afacademy.af.edu\\Final Project\\.venv\\Lib\\site-packag",
        "es\\requests\\sessions.py\u0007C:\\Users\\ISAAC~1.DAN\\ONEDRI~1.EDU\\FINALP~1\\VENV~1\\lib\\site-packages\\requests\\sessions.py\u001B]8;;\u0007\u001B[39m\", line 703, in send\n    r = adapter.send(request, **kwargs)\n  File \"\u001B[90m\u001B]8;line = 519;file://C:\\Users\\Isaac.Daniels\\OneDrive - afacademy.af.edu\\Final Project\\.venv\\Lib\\site-packages\\requests\\adapters.py\u0007C:\\Users\\ISAAC~1.DAN\\ONEDRI~1.EDU\\FINALP~1\\VENV~1\\lib\\site-packages\\requests\\adapters.py\u001B]8;;\u0007\u001B[39m\", line 519, in send\n    raise ConnectionError(e, request=request)\nrequests.exceptio",
        "ns.ConnectionError: HTTPConnectionPool(host='127.0.0.1', port=8080): Max retries exceeded with url: /predict (Caused by NewConnectionError('<urllib3.connection.HTTPConnection object at 0x0000026CEB546460>: Failed to establish a new connection: [WinError 10061] No connection could be made because the target machine actively refused it'))\n",
        ">>> ",
        "res = req.json.get('predict')[0]",
        "Traceback (most recent call last):\n  File \"<string>\", line 1, in <module>\nAttributeError: module 'req' has no attribute 'json'\n",
        ">>> ",
        ">>> ",
        "from requests import post",
        ">>> ",
        "import req",
        ">>> ",
        "import requests",
        ">>> ",
        ">>> ",
        "req_data = {",
        "... ",
        "  \"bill_length_mm\": 0,",
        "... ",
        "  \"species_Chinstrap\": False,",
        "... ",
        "  \"species_Gentoo\": False,",
        "... ",
        "  \"sex_male\": False",
        "... ",
        "}",
        ">>> ",
        "req = requests.post('http://127.0.0.1:8080/predict', json = [req_data])",
        "Traceback (most recent call last):\n  File \"\u001B[90m\u001B]8;line = 198;file://C:\\Users\\Isaac.Daniels\\OneDrive - afacademy.af.edu\\Final Project\\.venv\\Lib\\site-packages\\urllib3\\connection.py\u0007C:\\Users\\ISAAC~1.DAN\\ONEDRI~1.EDU\\FINALP~1\\VENV~1\\lib\\site-packages\\urllib3\\connection.py\u001B]8;;\u0007\u001B[39m\", line 198, in _new_conn\n    sock = connection.create_connection(\n  File \"\u001B[90m\u001B]8;line = 85;file://C:\\Users\\Isaac.Daniels\\OneDrive - afacademy.af.edu\\Final Project\\.venv\\Lib\\site-packages\\urllib3\\util\\connection.py\u0007C:\\Users\\ISAAC",
        "~1.DAN\\ONEDRI~1.EDU\\FINALP~1\\VENV~1\\lib\\site-packages\\urllib3\\util\\connection.py\u001B]8;;\u0007\u001B[39m\", line 85, in create_connection\n    raise err\n  File \"\u001B[90m\u001B]8;line = 73;file://C:\\Users\\Isaac.Daniels\\OneDrive - afacademy.af.edu\\Final Project\\.venv\\Lib\\site-packages\\urllib3\\util\\connection.py\u0007C:\\Users\\ISAAC~1.DAN\\ONEDRI~1.EDU\\FINALP~1\\VENV~1\\lib\\site-packages\\urllib3\\util\\connection.py\u001B]8;;\u0007\u001B[39m\", line 73, in create_connection\n    sock.connect(sa)\nConnectionRefusedError: [WinError 10061] No connection could be m",
        "ade because the target machine actively refused it\n\nThe above exception was the direct cause of the following exception:\n\nTraceback (most recent call last):\n  File \"\u001B[90m\u001B]8;line = 793;file://C:\\Users\\Isaac.Daniels\\OneDrive - afacademy.af.edu\\Final Project\\.venv\\Lib\\site-packages\\urllib3\\connectionpool.py\u0007C:\\Users\\ISAAC~1.DAN\\ONEDRI~1.EDU\\FINALP~1\\VENV~1\\lib\\site-packages\\urllib3\\connectionpool.py\u001B]8;;\u0007\u001B[39m\", line 793, in urlopen\n    response = self._make_request(\n  File \"\u001B[90m\u001B]8;line = 496;file://C:\\User",
        "s\\Isaac.Daniels\\OneDrive - afacademy.af.edu\\Final Project\\.venv\\Lib\\site-packages\\urllib3\\connectionpool.py\u0007C:\\Users\\ISAAC~1.DAN\\ONEDRI~1.EDU\\FINALP~1\\VENV~1\\lib\\site-packages\\urllib3\\connectionpool.py\u001B]8;;\u0007\u001B[39m\", line 496, in _make_request\n    conn.request(\n  File \"\u001B[90m\u001B]8;line = 400;file://C:\\Users\\Isaac.Daniels\\OneDrive - afacademy.af.edu\\Final Project\\.venv\\Lib\\site-packages\\urllib3\\connection.py\u0007C:\\Users\\ISAAC~1.DAN\\ONEDRI~1.EDU\\FINALP~1\\VENV~1\\lib\\site-packages\\urllib3\\connection.py\u001B]8;;\u0007\u001B[39m\", lin",
        "e 400, in request\n    self.endheaders()\n  File \"\u001B[90m\u001B]8;line = 1248;file://C:\\Program Files\\Python39\\Lib\\http\\client.py\u0007C:\\Program Files\\Python39\\lib\\http\\client.py\u001B]8;;\u0007\u001B[39m\", line 1248, in endheaders\n    self._send_output(message_body, encode_chunked=encode_chunked)\n  File \"\u001B[90m\u001B]8;line = 1008;file://C:\\Program Files\\Python39\\Lib\\http\\client.py\u0007C:\\Program Files\\Python39\\lib\\http\\client.py\u001B]8;;\u0007\u001B[39m\", line 1008, in _send_output\n    self.send(msg)\n  File \"\u001B[90m\u001B]8;line = 948;file://C:\\Program Files\\Pyth",
        "on39\\Lib\\http\\client.py\u0007C:\\Program Files\\Python39\\lib\\http\\client.py\u001B]8;;\u0007\u001B[39m\", line 948, in send\n    self.connect()\n  File \"\u001B[90m\u001B]8;line = 238;file://C:\\Users\\Isaac.Daniels\\OneDrive - afacademy.af.edu\\Final Project\\.venv\\Lib\\site-packages\\urllib3\\connection.py\u0007C:\\Users\\ISAAC~1.DAN\\ONEDRI~1.EDU\\FINALP~1\\VENV~1\\lib\\site-packages\\urllib3\\connection.py\u001B]8;;\u0007\u001B[39m\", line 238, in connect\n    self.sock = self._new_conn()\n  File \"\u001B[90m\u001B]8;line = 213;file://C:\\Users\\Isaac.Daniels\\OneDrive - afacademy.af.edu\\Fina",
        "l Project\\.venv\\Lib\\site-packages\\urllib3\\connection.py\u0007C:\\Users\\ISAAC~1.DAN\\ONEDRI~1.EDU\\FINALP~1\\VENV~1\\lib\\site-packages\\urllib3\\connection.py\u001B]8;;\u0007\u001B[39m\", line 213, in _new_conn\n    raise NewConnectionError(\nurllib3.exceptions.NewConnectionError: <urllib3.connection.HTTPConnection object at 0x0000026CEB537D90>: Failed to establish a new connection: [WinError 10061] No connection could be made because the target machine actively refused it\n\nThe above exception was the direct cause of the following except",
        "ion:\n\nTraceback (most recent call last):\n  File \"\u001B[90m\u001B]8;line = 486;file://C:\\Users\\Isaac.Daniels\\OneDrive - afacademy.af.edu\\Final Project\\.venv\\Lib\\site-packages\\requests\\adapters.py\u0007C:\\Users\\ISAAC~1.DAN\\ONEDRI~1.EDU\\FINALP~1\\VENV~1\\lib\\site-packages\\requests\\adapters.py\u001B]8;;\u0007\u001B[39m\", line 486, in send\n    resp = conn.urlopen(\n  File \"\u001B[90m\u001B]8;line = 847;file://C:\\Users\\Isaac.Daniels\\OneDrive - afacademy.af.edu\\Final Project\\.venv\\Lib\\site-packages\\urllib3\\connectionpool.py\u0007C:\\Users\\ISAAC~1.DAN\\ONEDRI~1.E",
        "DU\\FINALP~1\\VENV~1\\lib\\site-packages\\urllib3\\connectionpool.py\u001B]8;;\u0007\u001B[39m\", line 847, in urlopen\n    retries = retries.increment(\n  File \"\u001B[90m\u001B]8;line = 515;file://C:\\Users\\Isaac.Daniels\\OneDrive - afacademy.af.edu\\Final Project\\.venv\\Lib\\site-packages\\urllib3\\util\\retry.py\u0007C:\\Users\\ISAAC~1.DAN\\ONEDRI~1.EDU\\FINALP~1\\VENV~1\\lib\\site-packages\\urllib3\\util\\retry.py\u001B]8;;\u0007\u001B[39m\", line 515, in increment\n    raise MaxRetryError(_pool, url, reason) from reason  # type: ignore[arg-type]\nurllib3.exceptions.MaxRetryE",
        "rror: HTTPConnectionPool(host='127.0.0.1', port=8080): Max retries exceeded with url: /predict (Caused by NewConnectionError('<urllib3.connection.HTTPConnection object at 0x0000026CEB537D90>: Failed to establish a new connection: [WinError 10061] No connection could be made because the target machine actively refused it'))\n\nDuring handling of the above exception, another exception occurred:\n\nTraceback (most recent call last):\n  File \"<string>\", line 1, in <module>\n  File \"\u001B[90m\u001B]8;line = 115;file://C:\\Users",
        "\\Isaac.Daniels\\OneDrive - afacademy.af.edu\\Final Project\\.venv\\Lib\\site-packages\\requests\\api.py\u0007C:\\Users\\ISAAC~1.DAN\\ONEDRI~1.EDU\\FINALP~1\\VENV~1\\lib\\site-packages\\requests\\api.py\u001B]8;;\u0007\u001B[39m\", line 115, in post\n    return request(\"post\", url, data=data, json=json, **kwargs)\n  File \"\u001B[90m\u001B]8;line = 59;file://C:\\Users\\Isaac.Daniels\\OneDrive - afacademy.af.edu\\Final Project\\.venv\\Lib\\site-packages\\requests\\api.py\u0007C:\\Users\\ISAAC~1.DAN\\ONEDRI~1.EDU\\FINALP~1\\VENV~1\\lib\\site-packages\\requests\\api.py\u001B]8;;\u0007\u001B[39m\", ",
        "line 59, in request\n    return session.request(method=method, url=url, **kwargs)\n  File \"\u001B[90m\u001B]8;line = 589;file://C:\\Users\\Isaac.Daniels\\OneDrive - afacademy.af.edu\\Final Project\\.venv\\Lib\\site-packages\\requests\\sessions.py\u0007C:\\Users\\ISAAC~1.DAN\\ONEDRI~1.EDU\\FINALP~1\\VENV~1\\lib\\site-packages\\requests\\sessions.py\u001B]8;;\u0007\u001B[39m\", line 589, in request\n    resp = self.send(prep, **send_kwargs)\n  File \"\u001B[90m\u001B]8;line = 703;file://C:\\Users\\Isaac.Daniels\\OneDrive - afacademy.af.edu\\Final Project\\.venv\\Lib\\site-packag",
        "es\\requests\\sessions.py\u0007C:\\Users\\ISAAC~1.DAN\\ONEDRI~1.EDU\\FINALP~1\\VENV~1\\lib\\site-packages\\requests\\sessions.py\u001B]8;;\u0007\u001B[39m\", line 703, in send\n    r = adapter.send(request, **kwargs)\n  File \"\u001B[90m\u001B]8;line = 519;file://C:\\Users\\Isaac.Daniels\\OneDrive - afacademy.af.edu\\Final Project\\.venv\\Lib\\site-packages\\requests\\adapters.py\u0007C:\\Users\\ISAAC~1.DAN\\ONEDRI~1.EDU\\FINALP~1\\VENV~1\\lib\\site-packages\\requests\\adapters.py\u001B]8;;\u0007\u001B[39m\", line 519, in send\n    raise ConnectionError(e, request=request)\nrequests.exceptio",
        "ns.ConnectionError: HTTPConnectionPool(host='127.0.0.1', port=8080): Max retries exceeded with url: /predict (Caused by NewConnectionError('<urllib3.connection.HTTPConnection object at 0x0000026CEB537D90>: Failed to establish a new connection: [WinError 10061] No connection could be made because the target machine actively refused it'))\n",
        ">>> ",
        "res = req.json().get('predict')[0]",
        "Traceback (most recent call last):\n  File \"<string>\", line 1, in <module>\nAttributeError: module 'req' has no attribute 'json'\n",
        ">>> ",
        ">>> ",
        "app.run(port=8080)",
        "Traceback (most recent call last):\n  File \"<string>\", line 1, in <module>\nNameError: name 'app' is not defined\n",
        ">>> ",
        "quit",
        "> ",
        "library(palmerpenguins)",
        "> ",
        "library(dplyr)",
        "\nAttaching package: ‘dplyr’\n\nThe following objects are masked from ‘package:stats’:\n\n    filter, lag\n\nThe following objects are masked from ‘package:base’:\n\n    intersect, setdiff, setequal, union\n\n",
        "> ",
        "library(ggplot2)",
        "> ",
        "> ",
        "df <- palmerpenguins::penguins",
        "> ",
        "df %>%",
        "+ ",
        "  group_by(species, sex) %>%",
        "+ ",
        "  summarise(",
        "+ ",
        "    across(",
        "+ ",
        "      where(is.numeric), ",
        "+ ",
        "      \\(x) mean(x, na.rm = TRUE)",
        "+ ",
        "      )",
        "+ ",
        "    ) %>%",
        "+ ",
        "  knitr::kable()",
        "> ",
        "df %>%",
        "+ ",
        "  ggplot(aes(x = bill_length_mm, y = body_mass_g, color = species)) +",
        "+ ",
        "  geom_point() + ",
        "+ ",
        "  geom_smooth(method = \"lm\")",
        "> ",
        "reticulate::repl_python()",
        ">>> ",
        "from palmerpenguins import penguins",
        ">>> ",
        "from pandas import get_dummies",
        ">>> ",
        "import numpy as np",
        ">>> ",
        "from sklearn.linear_model import LinearRegression",
        ">>> ",
        "from sklearn import preprocessing",
        ">>> ",
        ">>> ",
        "df = penguins.load_penguins().dropna()",
        ">>> ",
        ">>> ",
        "df.head(3)",
        "  species     island  bill_length_mm  ...  body_mass_g     sex  year\r\n0  Adelie  Torgersen            39.1  ...       3750.0    male  2007\r\n1  Adelie  Torgersen            39.5  ...       3800.0  female  2007\r\n2  Adelie  Torgersen            40.3  ...       3250.0  female  2007\r\n\r\n[3 rows x 8 columns]\r\n",
        ">>> ",
        ">>> ",
        "X = get_dummies(df[['bill_length_mm', 'species', 'sex']], drop_first = True)",
        ">>> ",
        "y = df['body_mass_g']",
        ">>> ",
        ">>> ",
        "model = LinearRegression().fit(X, y)",
        ">>> ",
        ">>> ",
        "print(f\"R^2 {model.score(X,y)}\")",
        "R^2 0.8555368759537614\r\n",
        ">>> ",
        "print(f\"Intercept {model.intercept_}\")",
        "Intercept 2169.269720939398\r\n",
        ">>> ",
        "print(f\"Columns {X.columns}\")",
        "Columns Index(['bill_length_mm', 'species_Chinstrap', 'species_Gentoo', 'sex_male'], dtype='object')\r\n",
        ">>> ",
        "print(f\"Coefficients {model.coef_}\")",
        "Coefficients [  32.53688677 -298.76553447 1094.86739145  547.36692408]\r\n",
        ">>> ",
        ">>> ",
        "from vetiver import VetiverModel",
        ">>> ",
        "v = VetiverModel(model, model_name='penguin_model', prototype_data=X)",
        ">>> ",
        ">>> ",
        "from pins import board_folder",
        ">>> ",
        "from vetiver import vetiver_pin_write",
        ">>> ",
        "b = pins.board_folder('data/model', allow_pickle_read=True)",
        ">>> ",
        "p = vetiver_pin_write(b,v, versioned=True)",
        ">>> ",
        ">>> ",
        "from vetiver import VetiverAPI",
        ">>> ",
        "app = VetiverAPI(v, check_prototype=True)",
        ">>> ",
        ">>> ",
        "import duckdb",
        ">>> ",
        "from palmerpenguins import penguins",
        ">>> ",
        ">>> ",
        "con = duckdb.connect('my-db.duckdb')",
        ">>> ",
        "df = penguins.load_penguins()",
        ">>> ",
        "con.execute('CREATE TABLE penguins AS SELECT * FROM df')",
        ">>> ",
        "con.close()",
        ">>> ",
        ">>> ",
        "con = duckdb.connect('my-db.duckdb')",
        ">>> ",
        "df = con.execute(\"SELECT * FROM penguins\").fetchdf().dropna()",
        ">>> ",
        "con.close()",
        ">>> ",
        ">>> ",
        "app.run(port=8080)",
        "INFO:     Started server process [25860]\r\nINFO:     Waiting for application startup.\r\nINFO:     VetiverAPI starting...\r\nINFO:     Application startup complete.\r\nINFO:     Uvicorn running on http://127.0.0.1:8080 (Press CTRL+C to quit)\r\nINFO:     Shutting down\r\nINFO:     Waiting for application shutdown.\r\nINFO:     Application shutdown complete.\r\nINFO:     Finished server process [25860]\r\n",
        ">>> ",
        "from requests import post",
        ">>> ",
        "import req",
        ">>> ",
        "import requests",
        ">>> ",
        ">>> ",
        "req_data = {",
        "... ",
        "  \"bill_length_mm\": 0,",
        "... ",
        "  \"species_Chinstrap\": False,",
        "... ",
        "  \"species_Gentoo\": False,",
        "... ",
        "  \"sex_male\": False",
        "... ",
        "}",
        ">>> ",
        "req = requests.post('http://127.0.0.1:8080/predict', json = [req_data])",
        ">>> ",
        "res = req.json().get('predict')[0]",
        ">>> ",
        ">>> ",
        "from vetiver import VetiverModel",
        ">>> ",
        "v = VetiverModel(model, model_name='penguin_model', prototype_data=X)",
        ">>> ",
        ">>> ",
        "from pins import board_folder",
        ">>> ",
        "from vetiver import vetiver_pin_write",
        ">>> ",
        "b = pins.board_folder('data/model', allow_pickle_read=True)",
        ">>> ",
        "p = vetiver_pin_write(b,v, versioned=True)",
        ">>> ",
        ">>> ",
        "quit",
        "> ",
        "library(palmerpenguins)",
        "> ",
        "library(dplyr)",
        "> ",
        "library(ggplot2)",
        "> ",
        "> ",
        "df <- palmerpenguins::penguins",
        "> ",
        "df %>%",
        "+ ",
        "  group_by(species, sex) %>%",
        "+ ",
        "  summarise(",
        "+ ",
        "    across(",
        "+ ",
        "      where(is.numeric), ",
        "+ ",
        "      \\(x) mean(x, na.rm = TRUE)",
        "+ ",
        "      )",
        "+ ",
        "    ) %>%",
        "+ ",
        "  knitr::kable()",
        "> ",
        "df %>%",
        "+ ",
        "  ggplot(aes(x = bill_length_mm, y = body_mass_g, color = species)) +",
        "+ ",
        "  geom_point() + ",
        "+ ",
        "  geom_smooth(method = \"lm\")",
        "> ",
        "reticulate::repl_python()",
        ">>> ",
        "from palmerpenguins import penguins",
        ">>> ",
        "from pandas import get_dummies",
        ">>> ",
        "import numpy as np",
        ">>> ",
        "from sklearn.linear_model import LinearRegression",
        ">>> ",
        "from sklearn import preprocessing",
        ">>> ",
        ">>> ",
        "df = penguins.load_penguins().dropna()",
        ">>> ",
        ">>> ",
        "df.head(3)",
        "  species     island  bill_length_mm  ...  body_mass_g     sex  year\r\n0  Adelie  Torgersen            39.1  ...       3750.0    male  2007\r\n1  Adelie  Torgersen            39.5  ...       3800.0  female  2007\r\n2  Adelie  Torgersen            40.3  ...       3250.0  female  2007\r\n\r\n[3 rows x 8 columns]\r\n",
        ">>> ",
        ">>> ",
        "X = get_dummies(df[['bill_length_mm', 'species', 'sex']], drop_first = True)",
        ">>> ",
        "y = df['body_mass_g']",
        ">>> ",
        ">>> ",
        "model = LinearRegression().fit(X, y)",
        ">>> ",
        ">>> ",
        "print(f\"R^2 {model.score(X,y)}\")",
        "R^2 0.8555368759537614\r\n",
        ">>> ",
        "print(f\"Intercept {model.intercept_}\")",
        "Intercept 2169.269720939398\r\n",
        ">>> ",
        "print(f\"Columns {X.columns}\")",
        "Columns Index(['bill_length_mm', 'species_Chinstrap', 'species_Gentoo', 'sex_male'], dtype='object')\r\n",
        ">>> ",
        "print(f\"Coefficients {model.coef_}\")",
        "Coefficients [  32.53688677 -298.76553447 1094.86739145  547.36692408]\r\n",
        ">>> ",
        ">>> ",
        "from vetiver import VetiverModel",
        ">>> ",
        "v = VetiverModel(model, model_name='penguin_model', prototype_data=X)",
        ">>> ",
        ">>> ",
        "from pins import board_folder",
        ">>> ",
        "from vetiver import vetiver_pin_write",
        ">>> ",
        "b = pins.board_folder('data/model', allow_pickle_read=True)",
        ">>> ",
        "p = vetiver_pin_write(b,v, versioned=True)",
        ">>> ",
        ">>> ",
        "from vetiver import VetiverModel",
        ">>> ",
        "v = VetiverModel(model, model_name='penguin_model', prototype_data=X)",
        ">>> ",
        ">>> ",
        "from pins import board_folder",
        ">>> ",
        "from vetiver import vetiver_pin_write",
        ">>> ",
        "b = pins.board_folder('data/model', allow_pickle_read=True)",
        ">>> ",
        "p = vetiver_pin_write(b,v, versioned=True)",
        ">>> ",
        ">>> ",
        "renv::activate()",
        "\nRestarting R session...\n\n",
        "- Project 'C:/Users/Isaac.Daniels/OneDrive - afacademy.af.edu/Final Project' loaded. [renv 1.0.5]\n- The project is out-of-sync -- use `renv::status()` for details.\n",
        "> ",
        "renv::activate()",
        "> ",
        "\nRestarting R session...\n\n",
        "- Project 'C:/Users/Isaac.Daniels/OneDrive - afacademy.af.edu/Final Project' loaded. [renv 1.0.5]\n- The project is out-of-sync -- use `renv::status()` for details.\n",
        "> ",
        "renv::status()",
        "The following package(s) are in an inconsistent state:\n\n package        installed recorded used\n colorspace     y         n        y   \n dplyr          y         n        y   \n fansi          y         n        y   \n farver         y         n        y   \n generics       y         n        y   \n ggplot2        y         n        y   \n gtable         y         n        y   \n isoband        y         n        y   \n labeling       y         n        y   \n lattice        y         n        y   \n magrittr       ",
        "y         n        y   \n MASS           y         n        y   \n Matrix         y         n        y   \n mgcv           y         n        y   \n munsell        y         n        y   \n nlme           y         n        y   \n palmerpenguins y         n        y   \n pillar         y         n        y   \n pkgconfig      y         n        y   \n RColorBrewer   y         n        y   \n scales         y         n        y   \n tibble         y         n        y   \n tidyselect     y         n        y   \n utf8   ",
        "        y         n        y   \n vctrs          y         n        y   \n viridisLite    y         n        y   \n withr          y         n        y   \n\nSee ?renv::status() for advice on resolving these issues.\n",
        "> ",
        "?renv::status()",
        "\nRestarting R session...\n\n",
        "- Project 'C:/Users/Isaac.Daniels/OneDrive - afacademy.af.edu/Final Project' loaded. [renv 1.0.5]\n- The project is out-of-sync -- use `renv::status()` for details.\n",
        "> ",
        "renv::status()",
        "The following package(s) are in an inconsistent state:\n\n package        installed recorded used\n colorspace     y         n        y   \n dplyr          y         n        y   \n fansi          y         n        y   \n farver         y         n        y   \n generics       y         n        y   \n ggplot2        y         n        y   \n gtable         y         n        y   \n isoband        y         n        y   \n labeling       y         n        y   \n lattice        y         n        y   \n magrittr       ",
        "y         n        y   \n MASS           y         n        y   \n Matrix         y         n        y   \n mgcv           y         n        y   \n munsell        y         n        y   \n nlme           y         n        y   \n palmerpenguins y         n        y   \n pillar         y         n        y   \n pkgconfig      y         n        y   \n RColorBrewer   y         n        y   \n scales         y         n        y   \n tibble         y         n        y   \n tidyselect     y         n        y   \n utf8   ",
        "        y         n        y   \n vctrs          y         n        y   \n viridisLite    y         n        y   \n withr          y         n        y   \n\nSee ?renv::status() for advice on resolving these issues.\n",
        "> ",
        "renv::restore()",
        "- The library is already synchronized with the lockfile.\n",
        "> ",
        "renv::install()",
        "- There are no packages to install.\n",
        "> ",
        "renv::snapshot()",
        "The following package(s) will be updated in the lockfile:\n\n# CRAN -----------------------------------------------------------------------\n- colorspace       [* -> 2.1-0]\n- dplyr            [* -> 1.1.4]\n- fansi            [* -> 1.0.6]\n- farver           [* -> 2.1.1]\n- generics         [* -> 0.1.3]\n- ggplot2          [* -> 3.5.0]\n- gtable           [* -> 0.3.4]\n- isoband          [* -> 0.2.7]\n- labeling         [* -> 0.4.3]\n- lattice          [* -> 0.20-45]\n- magrittr         [* -> 2.0.3]\n- MASS             [",
        "* -> 7.3-57]\n- Matrix           [* -> 1.4-1]\n- mgcv             [* -> 1.8-40]\n- munsell          [* -> 0.5.0]\n- nlme             [* -> 3.1-157]\n- palmerpenguins   [* -> 0.1.1]\n- pillar           [* -> 1.9.0]\n- pkgconfig        [* -> 2.0.3]\n- RColorBrewer     [* -> 1.1-3]\n- scales           [* -> 1.3.0]\n- tibble           [* -> 3.2.1]\n- tidyselect       [* -> 1.2.0]\n- utf8             [* -> 1.2.4]\n- vctrs            [* -> 0.6.5]\n- viridisLite      [* -> 0.4.2]\n- withr            [* -> 3.0.0]\n\n",
        "Do you want to proceed? [Y/n]: ",
        "Y",
        "\n- Lockfile written to \"C:/Users/Isaac.Daniels/OneDrive - afacademy.af.edu/Final Project/renv.lock\".\n",
        "> ",
        "renv::activate()",
        "\nRestarting R session...\n\n",
        "- Project 'C:/Users/Isaac.Daniels/OneDrive - afacademy.af.edu/Final Project' loaded. [renv 1.0.5]\n",
        "> ",
        "library(palmerpenguins)",
        "> ",
        "library(dplyr)",
        "> ",
        "library(ggplot2)",
        "> ",
        "> ",
        "df <- palmerpenguins::penguins",
        "> ",
        "df %>%",
        "+ ",
        "  group_by(species, sex) %>%",
        "+ ",
        "  summarise(",
        "+ ",
        "    across(",
        "+ ",
        "      where(is.numeric), ",
        "+ ",
        "      \\(x) mean(x, na.rm = TRUE)",
        "+ ",
        "      )",
        "+ ",
        "    ) %>%",
        "+ ",
        "  knitr::kable()",
        "> ",
        "df %>%",
        "+ ",
        "  ggplot(aes(x = bill_length_mm, y = body_mass_g, color = species)) +",
        "+ ",
        "  geom_point() + ",
        "+ ",
        "  geom_smooth(method = \"lm\")",
        "> ",
        "reticulate::repl_python()",
        ">>> ",
        "from palmerpenguins import penguins",
        ">>> ",
        "from pandas import get_dummies",
        ">>> ",
        "import numpy as np",
        ">>> ",
        "from sklearn.linear_model import LinearRegression",
        ">>> ",
        "from sklearn import preprocessing",
        ">>> ",
        ">>> ",
        "df = penguins.load_penguins().dropna()",
        ">>> ",
        ">>> ",
        "df.head(3)",
        "  species     island  bill_length_mm  ...  body_mass_g     sex  year\r\n0  Adelie  Torgersen            39.1  ...       3750.0    male  2007\r\n1  Adelie  Torgersen            39.5  ...       3800.0  female  2007\r\n2  Adelie  Torgersen            40.3  ...       3250.0  female  2007\r\n\r\n[3 rows x 8 columns]\r\n",
        ">>> ",
        ">>> ",
        "X = get_dummies(df[['bill_length_mm', 'species', 'sex']], drop_first = True)",
        ">>> ",
        "y = df['body_mass_g']",
        ">>> ",
        ">>> ",
        "model = LinearRegression().fit(X, y)",
        ">>> ",
        ">>> ",
        "print(f\"R^2 {model.score(X,y)}\")",
        "R^2 0.8555368759537614\r\n",
        ">>> ",
        "print(f\"Intercept {model.intercept_}\")",
        "Intercept 2169.269720939398\r\n",
        ">>> ",
        "print(f\"Columns {X.columns}\")",
        "Columns Index(['bill_length_mm', 'species_Chinstrap', 'species_Gentoo', 'sex_male'], dtype='object')\r\n",
        ">>> ",
        "print(f\"Coefficients {model.coef_}\")",
        "Coefficients [  32.53688677 -298.76553447 1094.86739145  547.36692408]\r\n",
        ">>> ",
        ">>> ",
        "from vetiver import VetiverModel",
        ">>> ",
        "v = VetiverModel(model, model_name='penguin_model', prototype_data=X)",
        ">>> ",
        ">>> ",
        "from pins import board_folder",
        ">>> ",
        "from vetiver import vetiver_pin_write",
        ">>> ",
        "b = pins.board_folder('data/model', allow_pickle_read=True)",
        ">>> ",
        "p = vetiver_pin_write(b,v, versioned=True)",
        ">>> ",
        ">>> ",
        "from pins import board_folder",
        ">>> ",
        "from vetiver import vetiver_pin_write",
        ">>> ",
        "b = pins.board_folder('data/model', allow_pickle_read=True)",
        ">>> ",
        "p = vetiver_pin_write(b,v, versioned=True)",
        ">>> ",
        ">>> ",
        "renv::activate()",
        ">>> ",
        ".venv\\Scripts\\activate",
        ">>> ",
        "X = get_dummies(df[['bill_length_mm', 'species', 'sex']], drop_first = True)",
        ">>> ",
        "y = df['body_mass_g']",
        ">>> ",
        ">>> ",
        "model = LinearRegression().fit(X, y)",
        ">>> ",
        ">>> ",
        "print(f\"R^2 {model.score(X,y)}\")",
        "R^2 0.8555368759537614\r\n",
        ">>> ",
        "print(f\"Intercept {model.intercept_}\")",
        "Intercept 2169.269720939398\r\n",
        ">>> ",
        "print(f\"Columns {X.columns}\")",
        "Columns Index(['bill_length_mm', 'species_Chinstrap', 'species_Gentoo', 'sex_male'], dtype='object')\r\n",
        ">>> ",
        "print(f\"Coefficients {model.coef_}\")",
        "Coefficients [  32.53688677 -298.76553447 1094.86739145  547.36692408]\r\n",
        ">>> ",
        ">>> ",
        "from vetiver import VetiverModel",
        ">>> ",
        "v = VetiverModel(model, model_name='penguin_model', prototype_data=X)",
        ">>> ",
        ">>> ",
        "from pins import board_folder",
        ">>> ",
        "from vetiver import vetiver_pin_write",
        ">>> ",
        "b = pins.board_folder('data/model', allow_pickle_read=True)",
        ">>> ",
        "p = vetiver_pin_write(b,v, versioned=True)",
        ">>> ",
        ">>> ",
        "renv::status()",
        "\nRestarting R session...\n\n"
    ]
}